c:\users\user1\onedrive\desktop\ergasia2024-25\project1\project1\x64\debug\vc143.pdb
c:\users\user1\onedrive\desktop\ergasia2024-25\project1\project1\x64\debug\vc143.idb
c:\users\user1\onedrive\desktop\ergasia2024-25\project1\project1\x64\debug\main.obj
c:\users\user1\onedrive\desktop\ergasia2024-25\project1\project1\x64\debug\player.obj
c:\users\user1\onedrive\desktop\ergasia2024-25\project1\project1\x64\debug\level.obj
c:\users\user1\onedrive\desktop\ergasia2024-25\project1\project1\x64\debug\goal.obj
c:\users\user1\onedrive\desktop\ergasia2024-25\project1\project1\x64\debug\gamestate.obj
c:\users\user1\onedrive\desktop\ergasia2024-25\project1\project1\x64\debug\gameobject.obj
c:\users\user1\onedrive\desktop\ergasia2024-25\project1\project1\x64\debug\ball.obj
c:\users\user1\onedrive\desktop\ergasia2024-25\project1\bin\project1.exe
c:\users\user1\onedrive\desktop\ergasia2024-25\project1\bin\project1.pdb
c:\users\user1\onedrive\desktop\ergasia2024-25\project1\project1\x64\debug\project1.ilk
c:\users\user1\onedrive\desktop\ergasia2024-25\project1\project1\x64\debug\project1.tlog\cl.command.1.tlog
c:\users\user1\onedrive\desktop\ergasia2024-25\project1\project1\x64\debug\project1.tlog\cl.items.tlog
c:\users\user1\onedrive\desktop\ergasia2024-25\project1\project1\x64\debug\project1.tlog\cl.read.1.tlog
c:\users\user1\onedrive\desktop\ergasia2024-25\project1\project1\x64\debug\project1.tlog\cl.write.1.tlog
c:\users\user1\onedrive\desktop\ergasia2024-25\project1\project1\x64\debug\project1.tlog\link.command.1.tlog
c:\users\user1\onedrive\desktop\ergasia2024-25\project1\project1\x64\debug\project1.tlog\link.read.1.tlog
c:\users\user1\onedrive\desktop\ergasia2024-25\project1\project1\x64\debug\project1.tlog\link.secondary.1.tlog
c:\users\user1\onedrive\desktop\ergasia2024-25\project1\project1\x64\debug\project1.tlog\link.write.1.tlog
