C:\Program Files\Microsoft Visual Studio\2022\Community\MSBuild\Microsoft\VC\v170\Microsoft.CppBuild.targets(517,5): warning MSB8004: Output Directory does not end with a trailing slash.  This build instance will add the slash as it is required to allow proper evaluation of the Output Directory.
  Ball.cpp
C:\Users\user1\OneDrive\Desktop\ΣΧΟΛΗ\cpp\ergasia2024-25\AirHockey2D\Project1\GameObject.h(2,10): warning C4067: unexpected tokens following preprocessor directive - expected a newline
  (compiling source file 'Ball.cpp')
  
C:\Users\user1\OneDrive\Desktop\ΣΧΟΛΗ\cpp\ergasia2024-25\AirHockey2D\Project1\Ball.cpp(37,18): warning C4244: '=': conversion from 'double' to 'float', possible loss of data
C:\Users\user1\OneDrive\Desktop\ΣΧΟΛΗ\cpp\ergasia2024-25\AirHockey2D\Project1\Ball.cpp(47,22): warning C4244: '=': conversion from 'double' to 'float', possible loss of data
C:\Users\user1\OneDrive\Desktop\ΣΧΟΛΗ\cpp\ergasia2024-25\AirHockey2D\Project1\Ball.cpp(61,18): warning C4244: '=': conversion from 'double' to 'float', possible loss of data
C:\Users\user1\OneDrive\Desktop\ΣΧΟΛΗ\cpp\ergasia2024-25\AirHockey2D\Project1\Ball.cpp(73,22): warning C4244: '=': conversion from 'double' to 'float', possible loss of data
C:\Users\user1\OneDrive\Desktop\ΣΧΟΛΗ\cpp\ergasia2024-25\AirHockey2D\Project1\Ball.cpp(87,35): warning C4244: '=': conversion from 'double' to 'float', possible loss of data
C:\Users\user1\OneDrive\Desktop\ΣΧΟΛΗ\cpp\ergasia2024-25\AirHockey2D\Project1\Ball.cpp(90,35): warning C4244: '=': conversion from 'double' to 'float', possible loss of data
C:\Users\user1\OneDrive\Desktop\ΣΧΟΛΗ\cpp\ergasia2024-25\AirHockey2D\Project1\Ball.cpp(94,18): warning C4244: '=': conversion from 'double' to 'float', possible loss of data
C:\Users\user1\OneDrive\Desktop\ΣΧΟΛΗ\cpp\ergasia2024-25\AirHockey2D\Project1\Ball.cpp(95,18): warning C4244: '=': conversion from 'double' to 'float', possible loss of data
C:\Users\user1\OneDrive\Desktop\ΣΧΟΛΗ\cpp\ergasia2024-25\AirHockey2D\Project1\Ball.cpp(105,35): warning C4244: '=': conversion from 'double' to 'float', possible loss of data
C:\Users\user1\OneDrive\Desktop\ΣΧΟΛΗ\cpp\ergasia2024-25\AirHockey2D\Project1\Ball.cpp(108,34): warning C4244: '=': conversion from 'double' to 'float', possible loss of data
C:\Users\user1\OneDrive\Desktop\ΣΧΟΛΗ\cpp\ergasia2024-25\AirHockey2D\Project1\Ball.cpp(112,22): warning C4244: '=': conversion from 'double' to 'float', possible loss of data
C:\Users\user1\OneDrive\Desktop\ΣΧΟΛΗ\cpp\ergasia2024-25\AirHockey2D\Project1\Ball.cpp(113,18): warning C4244: '=': conversion from 'double' to 'float', possible loss of data
C:\Users\user1\OneDrive\Desktop\ΣΧΟΛΗ\cpp\ergasia2024-25\AirHockey2D\Project1\Ball.cpp(123,34): warning C4244: '=': conversion from 'double' to 'float', possible loss of data
C:\Users\user1\OneDrive\Desktop\ΣΧΟΛΗ\cpp\ergasia2024-25\AirHockey2D\Project1\Ball.cpp(126,35): warning C4244: '=': conversion from 'double' to 'float', possible loss of data
C:\Users\user1\OneDrive\Desktop\ΣΧΟΛΗ\cpp\ergasia2024-25\AirHockey2D\Project1\Ball.cpp(130,18): warning C4244: '=': conversion from 'double' to 'float', possible loss of data
C:\Users\user1\OneDrive\Desktop\ΣΧΟΛΗ\cpp\ergasia2024-25\AirHockey2D\Project1\Ball.cpp(131,22): warning C4244: '=': conversion from 'double' to 'float', possible loss of data
C:\Users\user1\OneDrive\Desktop\ΣΧΟΛΗ\cpp\ergasia2024-25\AirHockey2D\Project1\Ball.cpp(141,34): warning C4244: '=': conversion from 'double' to 'float', possible loss of data
C:\Users\user1\OneDrive\Desktop\ΣΧΟΛΗ\cpp\ergasia2024-25\AirHockey2D\Project1\Ball.cpp(144,34): warning C4244: '=': conversion from 'double' to 'float', possible loss of data
C:\Users\user1\OneDrive\Desktop\ΣΧΟΛΗ\cpp\ergasia2024-25\AirHockey2D\Project1\Ball.cpp(148,22): warning C4244: '=': conversion from 'double' to 'float', possible loss of data
C:\Users\user1\OneDrive\Desktop\ΣΧΟΛΗ\cpp\ergasia2024-25\AirHockey2D\Project1\Ball.cpp(149,22): warning C4244: '=': conversion from 'double' to 'float', possible loss of data
C:\Users\user1\OneDrive\Desktop\ΣΧΟΛΗ\cpp\ergasia2024-25\AirHockey2D\Project1\Ball.cpp(202,18): warning C4244: '=': conversion from 'double' to 'float', possible loss of data
C:\Users\user1\OneDrive\Desktop\ΣΧΟΛΗ\cpp\ergasia2024-25\AirHockey2D\Project1\Ball.cpp(212,22): warning C4244: '=': conversion from 'double' to 'float', possible loss of data
C:\Users\user1\OneDrive\Desktop\ΣΧΟΛΗ\cpp\ergasia2024-25\AirHockey2D\Project1\Ball.cpp(224,18): warning C4244: '=': conversion from 'double' to 'float', possible loss of data
C:\Users\user1\OneDrive\Desktop\ΣΧΟΛΗ\cpp\ergasia2024-25\AirHockey2D\Project1\Ball.cpp(235,22): warning C4244: '=': conversion from 'double' to 'float', possible loss of data
C:\Users\user1\OneDrive\Desktop\ΣΧΟΛΗ\cpp\ergasia2024-25\AirHockey2D\Project1\Ball.cpp(245,35): warning C4244: '=': conversion from 'double' to 'float', possible loss of data
C:\Users\user1\OneDrive\Desktop\ΣΧΟΛΗ\cpp\ergasia2024-25\AirHockey2D\Project1\Ball.cpp(248,35): warning C4244: '=': conversion from 'double' to 'float', possible loss of data
C:\Users\user1\OneDrive\Desktop\ΣΧΟΛΗ\cpp\ergasia2024-25\AirHockey2D\Project1\Ball.cpp(252,18): warning C4244: '=': conversion from 'double' to 'float', possible loss of data
C:\Users\user1\OneDrive\Desktop\ΣΧΟΛΗ\cpp\ergasia2024-25\AirHockey2D\Project1\Ball.cpp(253,18): warning C4244: '=': conversion from 'double' to 'float', possible loss of data
C:\Users\user1\OneDrive\Desktop\ΣΧΟΛΗ\cpp\ergasia2024-25\AirHockey2D\Project1\Ball.cpp(263,35): warning C4244: '=': conversion from 'double' to 'float', possible loss of data
C:\Users\user1\OneDrive\Desktop\ΣΧΟΛΗ\cpp\ergasia2024-25\AirHockey2D\Project1\Ball.cpp(266,34): warning C4244: '=': conversion from 'double' to 'float', possible loss of data
C:\Users\user1\OneDrive\Desktop\ΣΧΟΛΗ\cpp\ergasia2024-25\AirHockey2D\Project1\Ball.cpp(270,22): warning C4244: '=': conversion from 'double' to 'float', possible loss of data
C:\Users\user1\OneDrive\Desktop\ΣΧΟΛΗ\cpp\ergasia2024-25\AirHockey2D\Project1\Ball.cpp(271,18): warning C4244: '=': conversion from 'double' to 'float', possible loss of data
C:\Users\user1\OneDrive\Desktop\ΣΧΟΛΗ\cpp\ergasia2024-25\AirHockey2D\Project1\Ball.cpp(281,34): warning C4244: '=': conversion from 'double' to 'float', possible loss of data
C:\Users\user1\OneDrive\Desktop\ΣΧΟΛΗ\cpp\ergasia2024-25\AirHockey2D\Project1\Ball.cpp(284,35): warning C4244: '=': conversion from 'double' to 'float', possible loss of data
C:\Users\user1\OneDrive\Desktop\ΣΧΟΛΗ\cpp\ergasia2024-25\AirHockey2D\Project1\Ball.cpp(288,18): warning C4244: '=': conversion from 'double' to 'float', possible loss of data
C:\Users\user1\OneDrive\Desktop\ΣΧΟΛΗ\cpp\ergasia2024-25\AirHockey2D\Project1\Ball.cpp(289,22): warning C4244: '=': conversion from 'double' to 'float', possible loss of data
C:\Users\user1\OneDrive\Desktop\ΣΧΟΛΗ\cpp\ergasia2024-25\AirHockey2D\Project1\Ball.cpp(299,34): warning C4244: '=': conversion from 'double' to 'float', possible loss of data
C:\Users\user1\OneDrive\Desktop\ΣΧΟΛΗ\cpp\ergasia2024-25\AirHockey2D\Project1\Ball.cpp(302,34): warning C4244: '=': conversion from 'double' to 'float', possible loss of data
C:\Users\user1\OneDrive\Desktop\ΣΧΟΛΗ\cpp\ergasia2024-25\AirHockey2D\Project1\Ball.cpp(306,22): warning C4244: '=': conversion from 'double' to 'float', possible loss of data
C:\Users\user1\OneDrive\Desktop\ΣΧΟΛΗ\cpp\ergasia2024-25\AirHockey2D\Project1\Ball.cpp(307,22): warning C4244: '=': conversion from 'double' to 'float', possible loss of data
  GameObject.cpp
C:\Users\user1\OneDrive\Desktop\ΣΧΟΛΗ\cpp\ergasia2024-25\AirHockey2D\Project1\GameObject.h(2,10): warning C4067: unexpected tokens following preprocessor directive - expected a newline
  (compiling source file 'GameObject.cpp')
  
  GameState.cpp
C:\Users\user1\OneDrive\Desktop\ΣΧΟΛΗ\cpp\ergasia2024-25\AirHockey2D\Project1\GameObject.h(2,10): warning C4067: unexpected tokens following preprocessor directive - expected a newline
  (compiling source file 'GameState.cpp')
  
C:\Users\user1\OneDrive\Desktop\ΣΧΟΛΗ\cpp\ergasia2024-25\AirHockey2D\Project1\Level.h(2,10): warning C4067: unexpected tokens following preprocessor directive - expected a newline
  (compiling source file 'GameState.cpp')
  
  Goal.cpp
C:\Users\user1\OneDrive\Desktop\ΣΧΟΛΗ\cpp\ergasia2024-25\AirHockey2D\Project1\GameObject.h(2,10): warning C4067: unexpected tokens following preprocessor directive - expected a newline
  (compiling source file 'Goal.cpp')
  
  Level.cpp
C:\Users\user1\OneDrive\Desktop\ΣΧΟΛΗ\cpp\ergasia2024-25\AirHockey2D\Project1\Level.h(2,10): warning C4067: unexpected tokens following preprocessor directive - expected a newline
  (compiling source file 'Level.cpp')
  
C:\Users\user1\OneDrive\Desktop\ΣΧΟΛΗ\cpp\ergasia2024-25\AirHockey2D\Project1\GameObject.h(2,10): warning C4067: unexpected tokens following preprocessor directive - expected a newline
  (compiling source file 'Level.cpp')
  
  main.cpp
C:\Users\user1\OneDrive\Desktop\ΣΧΟΛΗ\cpp\ergasia2024-25\AirHockey2D\Project1\GameObject.h(2,10): warning C4067: unexpected tokens following preprocessor directive - expected a newline
  (compiling source file 'main.cpp')
  
  Player.cpp
C:\Users\user1\OneDrive\Desktop\ΣΧΟΛΗ\cpp\ergasia2024-25\AirHockey2D\Project1\GameObject.h(2,10): warning C4067: unexpected tokens following preprocessor directive - expected a newline
  (compiling source file 'Player.cpp')
  
C:\Users\user1\OneDrive\Desktop\ΣΧΟΛΗ\cpp\ergasia2024-25\AirHockey2D\Project1\Player.cpp(15,7): warning C4305: '=': truncation from 'double' to 'float'
  Generating Code...
sggd.lib(graphics.obj) : warning LNK4099: PDB '' was not found with 'sggd.lib(graphics.obj)' or at ''; linking object as if no debug info
sggd.lib(GLbackend.obj) : warning LNK4099: PDB '' was not found with 'sggd.lib(GLbackend.obj)' or at ''; linking object as if no debug info
sggd.lib(shader.obj) : warning LNK4099: PDB '' was not found with 'sggd.lib(shader.obj)' or at ''; linking object as if no debug info
sggd.lib(fonts.obj) : warning LNK4099: PDB '' was not found with 'sggd.lib(fonts.obj)' or at ''; linking object as if no debug info
sggd.lib(texture.obj) : warning LNK4099: PDB '' was not found with 'sggd.lib(texture.obj)' or at ''; linking object as if no debug info
sggd.lib(AudioManager.obj) : warning LNK4099: PDB '' was not found with 'sggd.lib(AudioManager.obj)' or at ''; linking object as if no debug info
sggd.lib(lodepng.obj) : warning LNK4099: PDB '' was not found with 'sggd.lib(lodepng.obj)' or at ''; linking object as if no debug info
  Project1.vcxproj -> C:\Users\user1\OneDrive\Desktop\ΣΧΟΛΗ\cpp\ergasia2024-25\AirHockey2D\bin\Project1.exe
